
> sandcastle
> tsx .sandcastle/main.mts


=== Iteration 1/10 ===

[planner] Started on branch main
  tail -f .sandcastle/logs/main-planner.log
Planning complete. 1 issue(s) to work in parallel:
  2: Slice 1: Astro skeleton + bone palette + David Libre/Assistant fonts → sandcastle/issue-2
[implementer] Started on branch sandcastle/issue-2
  tail -f .sandcastle/logs/sandcastle-issue-2-implementer.log

Execution complete. 1 branch(es) with commits:
  sandcastle/issue-2
[merger] Started on branch main
  tail -f .sandcastle/logs/main-merger.log

Branches merged.

=== Iteration 2/10 ===

[planner] Started on branch main
  tail -f .sandcastle/logs/main-planner.log
Planning complete. 3 issue(s) to work in parallel:
  4: Slice 3: Chrome + i18n + 404 page → sandcastle/issue-4
  5: Slice 9: Sefaria integration (taxonomy snapshot + name resolver) → sandcastle/issue-5
  6: Slice 13: Map metadata extractor (pure function + tests) → sandcastle/issue-6
[implementer] Started on branch sandcastle/issue-4
  tail -f .sandcastle/logs/sandcastle-issue-4-implementer.log
[implementer] Started on branch sandcastle/issue-5
  tail -f .sandcastle/logs/sandcastle-issue-5-implementer.log
[implementer] Started on branch sandcastle/issue-6
  tail -f .sandcastle/logs/sandcastle-issue-6-implementer.log

Execution complete. 3 branch(es) with commits:
  sandcastle/issue-4
  sandcastle/issue-5
  sandcastle/issue-6
[merger] Started on branch main
  tail -f .sandcastle/logs/main-merger.log
